#
# There is insufficient memory for the Java Runtime Environment to continue.
# Native memory allocation (mmap) failed to map 266338304 bytes for G1 virtual space
# Possible reasons:
#   The system is out of physical RAM or swap space
#   The process is running with CompressedOops enabled, and the Java Heap may be blocking the growth of the native heap
# Possible solutions:
#   Reduce memory load on the system
#   Increase physical memory or swap space
#   Check if swap backing store is full
#   Decrease Java heap size (-Xmx/-Xms)
#   Decrease number of Java threads
#   Decrease Java thread stack sizes (-Xss)
#   Set larger code cache with -XX:ReservedCodeCacheSize=
#   JVM is running with Zero Based Compressed Oops mode in which the Java heap is
#     placed in the first 32GB address space. The Java Heap base address is the
#     maximum limit for the native heap growth. Please use -XX:HeapBaseMinAddress
#     to set the Java Heap base and to place the Java Heap above 32GB virtual address.
# This output file may be truncated or incomplete.
#
#  Out of Memory Error (os_windows.cpp:3617), pid=32408, tid=31208
#
# JRE version:  (17.0.8.1+1) (build )
# Java VM: OpenJDK 64-Bit Server VM (17.0.8.1+1, mixed mode, sharing, tiered, compressed oops, compressed class ptrs, g1 gc, windows-amd64)
# No core dump will be written. Minidumps are not enabled by default on client versions of Windows
#

---------------  S U M M A R Y ------------

Command Line: C:\Users\surya\AppData\Local\Temp\surefire17422851081379208440\surefirebooter-20250701102638633_3.jar C:\Users\surya\AppData\Local\Temp\surefire17422851081379208440 2025-07-01T10-26-33_576-jvmRun1 surefire-20250701102638633_1tmp surefire_0-20250701102638633_2tmp

Host: 11th Gen Intel(R) Core(TM) i5-11300H @ 3.10GHz, 8 cores, 15G,  Windows 11 , 64 bit Build 26100 (10.0.26100.4202)
Time: Tue Jul  1 10:26:41 2025 India Standard Time elapsed time: 2.120270 seconds (0d 0h 0m 2s)

---------------  T H R E A D  ---------------

Current thread (0x0000022a1b2f8d20):  JavaThread "Unknown thread" [_thread_in_vm, id=31208, stack(0x000000ea50500000,0x000000ea50600000)]

Stack: [0x000000ea50500000,0x000000ea50600000]
Native frames: (J=compiled Java code, j=interpreted, Vv=VM code, C=native code)
V  [jvm.dll+0x678b0a]
V  [jvm.dll+0x835e84]
V  [jvm.dll+0x83762e]
V  [jvm.dll+0x837c93]
V  [jvm.dll+0x24746f]
V  [jvm.dll+0x675859]
V  [jvm.dll+0x66a0ea]
V  [jvm.dll+0x306c7b]
V  [jvm.dll+0x30e166]
V  [jvm.dll+0x35dd3e]
V  [jvm.dll+0x35df6f]
V  [jvm.dll+0x2ddb48]
V  [jvm.dll+0x2deab4]
V  [jvm.dll+0x807f31]
V  [jvm.dll+0x36bb21]
V  [jvm.dll+0x7e733c]
V  [jvm.dll+0x3ee4af]
V  [jvm.dll+0x3f00c1]
C  [jli.dll+0x528b]
C  [ucrtbase.dll+0x37b0]
C  [KERNEL32.DLL+0x2e8d7]
C  [ntdll.dll+0x3c34c]


---------------  P R O C E S S  ---------------

Threads class SMR info:
_java_thread_list=0x00007ffc726da018, length=0, elements={
}

Java Threads: ( => current thread )

Other Threads:
  0x0000022a1b3686a0 GCTaskThread "GC Thread#0" [stack: 0x000000ea50600000,0x000000ea50700000] [id=38884]
  0x0000022a1b379280 ConcurrentGCThread "G1 Main Marker" [stack: 0x000000ea50700000,0x000000ea50800000] [id=11408]
  0x0000022a1b379c90 ConcurrentGCThread "G1 Conc#0" [stack: 0x000000ea50800000,0x000000ea50900000] [id=31516]

[error occurred during error reporting (printing all threads), id 0xc0000005, EXCEPTION_ACCESS_VIOLATION (0xc0000005) at pc=0x00007ffc71eae587]

VM state: not at safepoint (not fully initialized)

VM Mutex/Monitor currently owned by a thread:  ([mutex/lock_event])
[0x0000022a1b2f56a0] Heap_lock - owner thread: 0x0000022a1b2f8d20

Heap address: 0x0000000703600000, size: 4042 MB, Compressed Oops mode: Zero based, Oop shift amount: 3

CDS archive(s) mapped at: [0x0000000000000000-0x0000000000000000-0x0000000000000000), size 0, SharedBaseAddress: 0x0000000800000000, ArchiveRelocationMode: 1.
Narrow klass base: 0x0000000000000000, Narrow klass shift: 0, Narrow klass range: 0x0

GC Precious Log:
<Empty>

Heap:
 garbage-first heap   total 0K, used 0K [0x0000000703600000, 0x0000000800000000)
  region size 2048K, 0 young (0K), 0 survivors (0K)

[error occurred during error reporting (printing heap information), id 0xc0000005, EXCEPTION_ACCESS_VIOLATION (0xc0000005) at pc=0x00007ffc72292699]

GC Heap History (0 events):
No events

Dll operation events (1 events):
Event: 0.105 Loaded shared library D:\CODEBEGUN\SW\sts-4.20.1.RELEASE\plugins\org.eclipse.justj.openjdk.hotspot.jre.full.win32.x86_64_17.0.8.v20230831-1047\jre\bin\java.dll

Deoptimization events (0 events):
No events

Classes unloaded (0 events):
No events

Classes redefined (0 events):
No events

Internal exceptions (0 events):
No events

VM Operations (0 events):
No events

Events (0 events):
No events


Dynamic libraries:
0x00007ff66af90000 - 0x00007ff66af9e000 	D:\CODEBEGUN\SW\sts-4.20.1.RELEASE\plugins\org.eclipse.justj.openjdk.hotspot.jre.full.win32.x86_64_17.0.8.v20230831-1047\jre\bin\java.exe
0x00007ffd2a4e0000 - 0x00007ffd2a745000 	C:\WINDOWS\SYSTEM32\ntdll.dll
0x00007ffd28910000 - 0x00007ffd289d9000 	C:\WINDOWS\System32\KERNEL32.DLL
0x00007ffd27c20000 - 0x00007ffd28008000 	C:\WINDOWS\System32\KERNELBASE.dll
0x00007ffd27770000 - 0x00007ffd278bb000 	C:\WINDOWS\System32\ucrtbase.dll
0x00007ffd1f4f0000 - 0x00007ffd1f507000 	D:\CODEBEGUN\SW\sts-4.20.1.RELEASE\plugins\org.eclipse.justj.openjdk.hotspot.jre.full.win32.x86_64_17.0.8.v20230831-1047\jre\bin\jli.dll
0x00007ffd23f20000 - 0x00007ffd23f39000 	D:\CODEBEGUN\SW\sts-4.20.1.RELEASE\plugins\org.eclipse.justj.openjdk.hotspot.jre.full.win32.x86_64_17.0.8.v20230831-1047\jre\bin\VCRUNTIME140.dll
0x00007ffd28280000 - 0x00007ffd2844a000 	C:\WINDOWS\System32\USER32.dll
0x00007ffd280d0000 - 0x00007ffd280f7000 	C:\WINDOWS\System32\win32u.dll
0x00007ffd11a90000 - 0x00007ffd11d2a000 	C:\WINDOWS\WinSxS\amd64_microsoft.windows.common-controls_6595b64144ccf1df_6.0.26100.4202_none_3e0698d4e335f517\COMCTL32.dll
0x00007ffd29360000 - 0x00007ffd2938b000 	C:\WINDOWS\System32\GDI32.dll
0x00007ffd293a0000 - 0x00007ffd29449000 	C:\WINDOWS\System32\msvcrt.dll
0x00007ffd27630000 - 0x00007ffd27767000 	C:\WINDOWS\System32\gdi32full.dll
0x00007ffd278c0000 - 0x00007ffd27963000 	C:\WINDOWS\System32\msvcp_win.dll
0x00007ffd29910000 - 0x00007ffd29940000 	C:\WINDOWS\System32\IMM32.DLL
0x00007ffd23f60000 - 0x00007ffd23f6c000 	D:\CODEBEGUN\SW\sts-4.20.1.RELEASE\plugins\org.eclipse.justj.openjdk.hotspot.jre.full.win32.x86_64_17.0.8.v20230831-1047\jre\bin\vcruntime140_1.dll
0x00007ffc5db40000 - 0x00007ffc5dbd1000 	D:\CODEBEGUN\SW\sts-4.20.1.RELEASE\plugins\org.eclipse.justj.openjdk.hotspot.jre.full.win32.x86_64_17.0.8.v20230831-1047\jre\bin\msvcp140.dll
0x00007ffc71bc0000 - 0x00007ffc7280c000 	D:\CODEBEGUN\SW\sts-4.20.1.RELEASE\plugins\org.eclipse.justj.openjdk.hotspot.jre.full.win32.x86_64_17.0.8.v20230831-1047\jre\bin\server\jvm.dll
0x00007ffd292a0000 - 0x00007ffd29353000 	C:\WINDOWS\System32\ADVAPI32.dll
0x00007ffd284d0000 - 0x00007ffd28576000 	C:\WINDOWS\System32\sechost.dll
0x00007ffd286f0000 - 0x00007ffd28805000 	C:\WINDOWS\System32\RPCRT4.dll
0x00007ffd26e10000 - 0x00007ffd26e6e000 	C:\WINDOWS\SYSTEM32\POWRPROF.dll
0x00007ffd23ef0000 - 0x00007ffd23efa000 	C:\WINDOWS\SYSTEM32\WSOCK32.dll
0x00007ffd28d70000 - 0x00007ffd28de4000 	C:\WINDOWS\System32\WS2_32.dll
0x00007ffd155a0000 - 0x00007ffd155d5000 	C:\WINDOWS\SYSTEM32\WINMM.dll
0x00007ffd17bc0000 - 0x00007ffd17bcb000 	C:\WINDOWS\SYSTEM32\VERSION.dll
0x00007ffd26df0000 - 0x00007ffd26e04000 	C:\WINDOWS\SYSTEM32\UMPDC.dll
0x00007ffd263f0000 - 0x00007ffd2640b000 	C:\WINDOWS\SYSTEM32\kernel.appcore.dll
0x00007ffd23ee0000 - 0x00007ffd23eea000 	D:\CODEBEGUN\SW\sts-4.20.1.RELEASE\plugins\org.eclipse.justj.openjdk.hotspot.jre.full.win32.x86_64_17.0.8.v20230831-1047\jre\bin\jimage.dll
0x00007ffd24e80000 - 0x00007ffd250c1000 	C:\WINDOWS\SYSTEM32\DBGHELP.DLL
0x00007ffd294d0000 - 0x00007ffd29855000 	C:\WINDOWS\System32\combase.dll
0x00007ffd29c60000 - 0x00007ffd29d41000 	C:\WINDOWS\System32\OLEAUT32.dll
0x00007ffd0ce90000 - 0x00007ffd0cec9000 	C:\WINDOWS\SYSTEM32\dbgcore.DLL
0x00007ffd27a00000 - 0x00007ffd27a99000 	C:\WINDOWS\System32\bcryptPrimitives.dll
0x00007ffd152f0000 - 0x00007ffd15315000 	D:\CODEBEGUN\SW\sts-4.20.1.RELEASE\plugins\org.eclipse.justj.openjdk.hotspot.jre.full.win32.x86_64_17.0.8.v20230831-1047\jre\bin\java.dll

dbghelp: loaded successfully - version: 4.0.5 - missing functions: none
symbol engine: initialized successfully - sym options: 0x614 - pdb path: .;D:\CODEBEGUN\SW\sts-4.20.1.RELEASE\plugins\org.eclipse.justj.openjdk.hotspot.jre.full.win32.x86_64_17.0.8.v20230831-1047\jre\bin;C:\WINDOWS\SYSTEM32;C:\WINDOWS\WinSxS\amd64_microsoft.windows.common-controls_6595b64144ccf1df_6.0.26100.4202_none_3e0698d4e335f517;D:\CODEBEGUN\SW\sts-4.20.1.RELEASE\plugins\org.eclipse.justj.openjdk.hotspot.jre.full.win32.x86_64_17.0.8.v20230831-1047\jre\bin\server

VM Arguments:
java_command: C:\Users\surya\AppData\Local\Temp\surefire17422851081379208440\surefirebooter-20250701102638633_3.jar C:\Users\surya\AppData\Local\Temp\surefire17422851081379208440 2025-07-01T10-26-33_576-jvmRun1 surefire-20250701102638633_1tmp surefire_0-20250701102638633_2tmp
java_class_path (initial): C:\Users\surya\AppData\Local\Temp\surefire17422851081379208440\surefirebooter-20250701102638633_3.jar
Launcher Type: SUN_STANDARD

[Global flags]
     intx CICompilerCount                          = 4                                         {product} {ergonomic}
     uint ConcGCThreads                            = 2                                         {product} {ergonomic}
     uint G1ConcRefinementThreads                  = 8                                         {product} {ergonomic}
   size_t G1HeapRegionSize                         = 2097152                                   {product} {ergonomic}
    uintx GCDrainStackTargetSize                   = 64                                        {product} {ergonomic}
   size_t InitialHeapSize                          = 266338304                                 {product} {ergonomic}
   size_t MarkStackSize                            = 4194304                                   {product} {ergonomic}
   size_t MaxHeapSize                              = 4238344192                                {product} {ergonomic}
   size_t MinHeapDeltaBytes                        = 2097152                                   {product} {ergonomic}
   size_t MinHeapSize                              = 8388608                                   {product} {ergonomic}
    uintx NonNMethodCodeHeapSize                   = 5839372                                {pd product} {ergonomic}
    uintx NonProfiledCodeHeapSize                  = 122909434                              {pd product} {ergonomic}
    uintx ProfiledCodeHeapSize                     = 122909434                              {pd product} {ergonomic}
    uintx ReservedCodeCacheSize                    = 251658240                              {pd product} {ergonomic}
     bool SegmentedCodeCache                       = true                                      {product} {ergonomic}
   size_t SoftMaxHeapSize                          = 4238344192                             {manageable} {ergonomic}
     bool UseCompressedClassPointers               = true                           {product lp64_product} {ergonomic}
     bool UseCompressedOops                        = true                           {product lp64_product} {ergonomic}
     bool UseG1GC                                  = true                                      {product} {ergonomic}
     bool UseLargePagesIndividualAllocation        = false                                  {pd product} {ergonomic}

Logging:
Log output configuration:
 #0: stdout all=warning uptime,level,tags
 #1: stderr all=off uptime,level,tags

Environment Variables:
JAVA_HOME=C:\Program Files\Java\jdk-21
PATH=D:/CODEBEGUN/SW/sts-4.20.1.RELEASE//plugins/org.eclipse.justj.openjdk.hotspot.jre.full.win32.x86_64_17.0.8.v20230831-1047/jre/bin/server;D:/CODEBEGUN/SW/sts-4.20.1.RELEASE//plugins/org.eclipse.justj.openjdk.hotspot.jre.full.win32.x86_64_17.0.8.v20230831-1047/jre/bin;C:\Program Files\nodejs;C:\Program Files\Common Files\Oracle\Java\javapath;C:\WINDOWS\system32;C:\WINDOWS;C:\WINDOWS\System32\Wbem;C:\WINDOWS\System32\WindowsPowerShell\v1.0\;C:\WINDOWS\System32\OpenSSH\;C:\Program Files\Java\jdk-21\bin;C:\Program Files\apache-tomcat-10.1.11\bin;C:\Program Files\nodejs\;C:\Program Files\Java\jdk-21\bin;C:\Program Files\MySQL\MySQL Shell 8.0\bin\;C:\Users\surya\AppData\Local\Microsoft\WindowsApps;C:\Users\surya\AppData\Local\Programs\Microsoft VS Code\bin;C:\Users\surya\AppData\Roaming\npm;C:\Users\surya\AppData\Local\GitHubDesktop\bin;;D:\CODEBEGUN\SW\sts-4.20.1.RELEASE;
USERNAME=surya
OS=Windows_NT
PROCESSOR_IDENTIFIER=Intel64 Family 6 Model 140 Stepping 1, GenuineIntel
TMP=C:\Users\surya\AppData\Local\Temp
TEMP=C:\Users\surya\AppData\Local\Temp



---------------  S Y S T E M  ---------------

OS:
 Windows 11 , 64 bit Build 26100 (10.0.26100.4202)
OS uptime: 6 days 0:10 hours

CPU: total 8 (initial active 8) (4 cores per cpu, 2 threads per core) family 6 model 140 stepping 1 microcode 0x8a, cx8, cmov, fxsr, ht, mmx, 3dnowpref, sse, sse2, sse3, ssse3, sse4.1, sse4.2, popcnt, lzcnt, tsc, tscinvbit, avx, avx2, aes, erms, clmul, bmi1, bmi2, adx, avx512f, avx512dq, avx512cd, avx512bw, avx512vl, sha, fma, vzeroupper, avx512_vpopcntdq, avx512_vpclmulqdq, avx512_vaes, avx512_vnni, clflush, clflushopt, clwb, avx512_vbmi2, avx512_vbmi
Processor Information for all 8 processors :
  Max Mhz: 3110, Current Mhz: 3110, Mhz Limit: 3110

Memory: 4k page, system-wide physical 16167M (865M free)
TotalPageFile size 34917M (AvailPageFile size 162M)
current process WorkingSet (physical memory assigned to process): 12M, peak: 12M
current process commit charge ("private bytes"): 60M, peak: 314M

vm_info: OpenJDK 64-Bit Server VM (17.0.8.1+1) for windows-amd64 JRE (17.0.8.1+1), built on Aug 23 2023 15:29:17 by "admin" with MS VC++ 16.7 (VS2019)

END.
